2014-03-26 15:40:06.616 StarterApp[40853:70b] Multi-tasking -> Device: YES, App: YES
2014-03-26 15:40:07.996 StarterApp[40853:70b] Unlimited access to network resources
2014-03-26 15:40:33.512 StarterApp[40853:70b] [CDVTimer][statusbar] 3448.351026ms
2014-03-26 15:40:33.512 StarterApp[40853:70b] [CDVTimer][TotalPluginStartup] 3449.012041ms
2014-03-26 15:40:42.715 StarterApp[40853:70b] Resetting plugins due to page load.
2014-03-26 15:40:51.962 StarterApp[40853:70b] Finished load of: file:///Users/Roberto/Library/Application%20Support/iPhone%20Simulator/7.1/Applications/D2BF0CC5-14AD-490B-BCDD-CB644DB5A4E4/StarterApp.app/www/index.html#/tab/pets
2014-03-26 15:40:52.465 StarterApp[40853:70b] THREAD WARNING: ['Device'] took '39.037842' ms. Plugin should use a background thread.
objc[40853]: Class AXEmojiUtilities is implemented in both /Applications/Xcode.app/Contents/Developer/Platforms/iPhoneSimulator.platform/Developer/SDKs/iPhoneSimulator7.1.sdk/System/Library/PrivateFrameworks/AccessibilityUtilities.framework/AccessibilityUtilities and /Applications/Xcode.app/Contents/Developer/Platforms/iPhoneSimulator.platform/Developer/SDKs/iPhoneSimulator7.1.sdk/usr/lib/libAXSpeechManager.dylib. One of the two will be used. Which one is undefined.
2014-03-26 16:07:39.701 StarterApp[40853:70b] Cannot find executable for CFBundle 0xa480ed0 </Applications/Xcode.app/Contents/Developer/Platforms/iPhoneSimulator.platform/Developer/SDKs/iPhoneSimulator7.1.sdk/System/Library/AccessibilityBundles/MusicLibrary.axbundle> (not loaded)
2014-03-26 16:07:39.741 StarterApp[40853:70b] Cannot find executable for CFBundle 0xa47ff30 </Applications/Xcode.app/Contents/Developer/Platforms/iPhoneSimulator.platform/Developer/SDKs/iPhoneSimulator7.1.sdk/System/Library/AccessibilityBundles/GeoServices.axbundle> (not loaded)
2014-03-26 16:07:39.837 StarterApp[40853:70b] Cannot find executable for CFBundle 0xa269f90 </Applications/Xcode.app/Contents/Developer/Platforms/iPhoneSimulator.platform/Developer/SDKs/iPhoneSimulator7.1.sdk/System/Library/AccessibilityBundles/CertUIFramework.axbundle> (not loaded)
objc[39673]: Class AXEmojiUtilities is implemented in both /Applications/Xcode.app/Contents/Developer/Platforms/iPhoneSimulator.platform/Developer/SDKs/iPhoneSimulator7.1.sdk/System/Library/PrivateFrameworks/AccessibilityUtilities.framework/AccessibilityUtilities and /Applications/Xcode.app/Contents/Developer/Platforms/iPhoneSimulator.platform/Developer/SDKs/iPhoneSimulator7.1.sdk/usr/lib/libAXSpeechManager.dylib. One of the two will be used. Which one is undefined.
2014-03-29 11:22:31.314 StarterApp[39673:70b] Cannot find executable for CFBundle 0xa565850 </Applications/Xcode.app/Contents/Developer/Platforms/iPhoneSimulator.platform/Developer/SDKs/iPhoneSimulator7.1.sdk/System/Library/AccessibilityBundles/CertUIFramework.axbundle> (not loaded)
2014-03-29 11:22:31.320 StarterApp[39673:70b] Cannot find executable for CFBundle 0xa57cf50 </Applications/Xcode.app/Contents/Developer/Platforms/iPhoneSimulator.platform/Developer/SDKs/iPhoneSimulator7.1.sdk/System/Library/AccessibilityBundles/GeoServices.axbundle> (not loaded)
2014-03-29 11:22:33.378 StarterApp[39673:70b] Multi-tasking -> Device: YES, App: YES
2014-03-29 11:22:33.521 StarterApp[39673:70b] Unlimited access to network resources
2014-03-29 11:22:33.960 StarterApp[39673:70b] [CDVTimer][statusbar] 102.351010ms
2014-03-29 11:22:33.960 StarterApp[39673:70b] [CDVTimer][TotalPluginStartup] 102.981031ms
2014-03-29 11:22:35.234 StarterApp[39673:70b] Resetting plugins due to page load.
2014-03-29 11:22:37.304 StarterApp[39673:70b] Finished load of: file:///Users/Roberto/Library/Application%20Support/iPhone%20Simulator/7.1/Applications/D2BF0CC5-14AD-490B-BCDD-CB644DB5A4E4/StarterApp.app/www/index.html#/tab/pets
objc[40076]: Class AXEmojiUtilities is implemented in both /Applications/Xcode.app/Contents/Developer/Platforms/iPhoneSimulator.platform/Developer/SDKs/iPhoneSimulator7.1.sdk/System/Library/PrivateFrameworks/AccessibilityUtilities.framework/AccessibilityUtilities and /Applications/Xcode.app/Contents/Developer/Platforms/iPhoneSimulator.platform/Developer/SDKs/iPhoneSimulator7.1.sdk/usr/lib/libAXSpeechManager.dylib. One of the two will be used. Which one is undefined.
2014-03-29 11:22:55.375 StarterApp[40076:70b] Cannot find executable for CFBundle 0xa2484c0 </Applications/Xcode.app/Contents/Developer/Platforms/iPhoneSimulator.platform/Developer/SDKs/iPhoneSimulator7.1.sdk/System/Library/AccessibilityBundles/GeoServices.axbundle> (not loaded)
2014-03-29 11:22:55.381 StarterApp[40076:70b] Cannot find executable for CFBundle 0xa269c00 </Applications/Xcode.app/Contents/Developer/Platforms/iPhoneSimulator.platform/Developer/SDKs/iPhoneSimulator7.1.sdk/System/Library/AccessibilityBundles/CertUIFramework.axbundle> (not loaded)
2014-03-29 11:22:55.460 StarterApp[40076:70b] Multi-tasking -> Device: YES, App: YES
2014-03-29 11:22:55.466 StarterApp[40076:70b] Unlimited access to network resources
2014-03-29 11:22:55.527 StarterApp[40076:70b] [CDVTimer][statusbar] 24.733961ms
2014-03-29 11:22:55.528 StarterApp[40076:70b] [CDVTimer][TotalPluginStartup] 25.427043ms
2014-03-29 11:22:55.902 StarterApp[40076:70b] Resetting plugins due to page load.
2014-03-29 11:22:56.228 StarterApp[40076:70b] Finished load of: file:///Users/Roberto/Library/Application%20Support/iPhone%20Simulator/7.1/Applications/D2BF0CC5-14AD-490B-BCDD-CB644DB5A4E4/StarterApp.app/www/index.html#/tab/pets
objc[43518]: Class AXEmojiUtilities is implemented in both /Applications/Xcode.app/Contents/Developer/Platforms/iPhoneSimulator.platform/Developer/SDKs/iPhoneSimulator7.1.sdk/System/Library/PrivateFrameworks/AccessibilityUtilities.framework/AccessibilityUtilities and /Applications/Xcode.app/Contents/Developer/Platforms/iPhoneSimulator.platform/Developer/SDKs/iPhoneSimulator7.1.sdk/usr/lib/libAXSpeechManager.dylib. One of the two will be used. Which one is undefined.
2014-03-29 12:21:26.623 StarterApp[43518:70b] Cannot find executable for CFBundle 0xa631190 </Applications/Xcode.app/Contents/Developer/Platforms/iPhoneSimulator.platform/Developer/SDKs/iPhoneSimulator7.1.sdk/System/Library/AccessibilityBundles/CertUIFramework.axbundle> (not loaded)
2014-03-29 12:21:26.663 StarterApp[43518:70b] Cannot find executable for CFBundle 0xa631880 </Applications/Xcode.app/Contents/Developer/Platforms/iPhoneSimulator.platform/Developer/SDKs/iPhoneSimulator7.1.sdk/System/Library/AccessibilityBundles/GeoServices.axbundle> (not loaded)
2014-03-29 12:21:46.045 StarterApp[43518:70b] Multi-tasking -> Device: YES, App: YES
2014-03-29 12:21:47.428 StarterApp[43518:70b] Unlimited access to network resources
2014-03-29 12:21:50.480 StarterApp[43518:70b] [CDVTimer][statusbar] 1922.698021ms
2014-03-29 12:21:50.508 StarterApp[43518:70b] [CDVTimer][file] 26.648998ms
2014-03-29 12:21:50.509 StarterApp[43518:70b] [CDVTimer][TotalPluginStartup] 1951.892018ms
2014-03-29 12:21:54.119 StarterApp[43518:70b] Resetting plugins due to page load.
objc[43802]: Class AXEmojiUtilities is implemented in both /Applications/Xcode.app/Contents/Developer/Platforms/iPhoneSimulator.platform/Developer/SDKs/iPhoneSimulator7.1.sdk/System/Library/PrivateFrameworks/AccessibilityUtilities.framework/AccessibilityUtilities and /Applications/Xcode.app/Contents/Developer/Platforms/iPhoneSimulator.platform/Developer/SDKs/iPhoneSimulator7.1.sdk/usr/lib/libAXSpeechManager.dylib. One of the two will be used. Which one is undefined.
2014-03-29 12:22:11.669 StarterApp[43802:70b] Cannot find executable for CFBundle 0xa398660 </Applications/Xcode.app/Contents/Developer/Platforms/iPhoneSimulator.platform/Developer/SDKs/iPhoneSimulator7.1.sdk/System/Library/AccessibilityBundles/CertUIFramework.axbundle> (not loaded)
2014-03-29 12:22:11.683 StarterApp[43802:70b] Cannot find executable for CFBundle 0xa3af400 </Applications/Xcode.app/Contents/Developer/Platforms/iPhoneSimulator.platform/Developer/SDKs/iPhoneSimulator7.1.sdk/System/Library/AccessibilityBundles/GeoServices.axbundle> (not loaded)
2014-03-29 12:22:11.895 StarterApp[43802:70b] Multi-tasking -> Device: YES, App: YES
2014-03-29 12:22:11.928 StarterApp[43802:70b] Unlimited access to network resources
2014-03-29 12:22:12.003 StarterApp[43802:70b] [CDVTimer][statusbar] 40.921986ms
2014-03-29 12:22:12.005 StarterApp[43802:70b] [CDVTimer][file] 1.041949ms
2014-03-29 12:22:12.006 StarterApp[43802:70b] [CDVTimer][TotalPluginStartup] 43.909013ms
2014-03-29 12:22:12.598 StarterApp[43802:70b] Resetting plugins due to page load.
2014-03-29 12:22:13.523 StarterApp[43802:70b] Finished load of: file:///Users/Roberto/Library/Application%20Support/iPhone%20Simulator/7.1/Applications/D2BF0CC5-14AD-490B-BCDD-CB644DB5A4E4/StarterApp.app/www/index.html#/tab/station
2014-03-29 12:24:41.703 StarterApp[43802:70b] Hola Mundo
objc[44626]: Class AXEmojiUtilities is implemented in both /Applications/Xcode.app/Contents/Developer/Platforms/iPhoneSimulator.platform/Developer/SDKs/iPhoneSimulator7.1.sdk/System/Library/PrivateFrameworks/AccessibilityUtilities.framework/AccessibilityUtilities and /Applications/Xcode.app/Contents/Developer/Platforms/iPhoneSimulator.platform/Developer/SDKs/iPhoneSimulator7.1.sdk/usr/lib/libAXSpeechManager.dylib. One of the two will be used. Which one is undefined.
2014-03-29 12:30:29.515 StarterApp[44626:70b] Cannot find executable for CFBundle 0xa498b90 </Applications/Xcode.app/Contents/Developer/Platforms/iPhoneSimulator.platform/Developer/SDKs/iPhoneSimulator7.1.sdk/System/Library/AccessibilityBundles/GeoServices.axbundle> (not loaded)
2014-03-29 12:30:29.532 StarterApp[44626:70b] Cannot find executable for CFBundle 0xa377e60 </Applications/Xcode.app/Contents/Developer/Platforms/iPhoneSimulator.platform/Developer/SDKs/iPhoneSimulator7.1.sdk/System/Library/AccessibilityBundles/CertUIFramework.axbundle> (not loaded)
2014-03-29 12:30:29.831 StarterApp[44626:70b] Multi-tasking -> Device: YES, App: YES
2014-03-29 12:30:29.881 StarterApp[44626:70b] Unlimited access to network resources
2014-03-29 12:30:30.033 StarterApp[44626:70b] [CDVTimer][statusbar] 107.879996ms
2014-03-29 12:30:30.035 StarterApp[44626:70b] [CDVTimer][file] 0.687003ms
2014-03-29 12:30:30.035 StarterApp[44626:70b] [CDVTimer][TotalPluginStartup] 109.770000ms
2014-03-29 12:30:31.378 StarterApp[44626:70b] Resetting plugins due to page load.
2014-03-29 12:30:31.971 StarterApp[44626:70b] Finished load of: file:///Users/Roberto/Library/Application%20Support/iPhone%20Simulator/7.1/Applications/D2BF0CC5-14AD-490B-BCDD-CB644DB5A4E4/StarterApp.app/www/index.html#/tab/station
2014-03-29 12:30:50.298 StarterApp[44626:70b] play
2014-03-29 12:30:50.360 StarterApp[44626:70b] THREAD WARNING: ['Media'] took '60.669922' ms. Plugin should use a background thread.
2014-03-29 12:30:50.361 StarterApp[44626:70b] Will use resource 'http://75.102.43.195/kwmu2' from the Internet.
objc[45182]: Class AXEmojiUtilities is implemented in both /Applications/Xcode.app/Contents/Developer/Platforms/iPhoneSimulator.platform/Developer/SDKs/iPhoneSimulator7.1.sdk/System/Library/PrivateFrameworks/AccessibilityUtilities.framework/AccessibilityUtilities and /Applications/Xcode.app/Contents/Developer/Platforms/iPhoneSimulator.platform/Developer/SDKs/iPhoneSimulator7.1.sdk/usr/lib/libAXSpeechManager.dylib. One of the two will be used. Which one is undefined.
2014-03-29 12:37:07.361 StarterApp[45182:70b] Cannot find executable for CFBundle 0xa3a2350 </Applications/Xcode.app/Contents/Developer/Platforms/iPhoneSimulator.platform/Developer/SDKs/iPhoneSimulator7.1.sdk/System/Library/AccessibilityBundles/CertUIFramework.axbundle> (not loaded)
2014-03-29 12:37:07.370 StarterApp[45182:70b] Cannot find executable for CFBundle 0xa588ab0 </Applications/Xcode.app/Contents/Developer/Platforms/iPhoneSimulator.platform/Developer/SDKs/iPhoneSimulator7.1.sdk/System/Library/AccessibilityBundles/GeoServices.axbundle> (not loaded)
2014-03-29 12:37:07.809 StarterApp[45182:70b] Multi-tasking -> Device: YES, App: YES
2014-03-29 12:37:07.905 StarterApp[45182:70b] Unlimited access to network resources
2014-03-29 12:37:08.372 StarterApp[45182:70b] [CDVTimer][statusbar] 383.730948ms
2014-03-29 12:37:08.481 StarterApp[45182:70b] [CDVTimer][file] 108.680010ms
2014-03-29 12:37:08.482 StarterApp[45182:70b] [CDVTimer][TotalPluginStartup] 494.047999ms
2014-03-29 12:37:15.009 StarterApp[45182:70b] Resetting plugins due to page load.
2014-03-29 12:37:16.054 StarterApp[45182:70b] Finished load of: file:///Users/Roberto/Library/Application%20Support/iPhone%20Simulator/7.1/Applications/D2BF0CC5-14AD-490B-BCDD-CB644DB5A4E4/StarterApp.app/www/index.html#/tab/station
2014-03-29 12:37:17.927 StarterApp[45182:70b] play
2014-03-29 12:37:18.069 StarterApp[45182:70b] THREAD WARNING: ['Media'] took '141.802002' ms. Plugin should use a background thread.
2014-03-29 12:37:18.071 StarterApp[45182:70b] Will use resource 'http://75.102.43.195/kwmu2' from the Internet.
objc[45821]: Class AXEmojiUtilities is implemented in both /Applications/Xcode.app/Contents/Developer/Platforms/iPhoneSimulator.platform/Developer/SDKs/iPhoneSimulator7.1.sdk/System/Library/PrivateFrameworks/AccessibilityUtilities.framework/AccessibilityUtilities and /Applications/Xcode.app/Contents/Developer/Platforms/iPhoneSimulator.platform/Developer/SDKs/iPhoneSimulator7.1.sdk/usr/lib/libAXSpeechManager.dylib. One of the two will be used. Which one is undefined.
2014-03-29 12:40:29.426 StarterApp[45821:70b] Cannot find executable for CFBundle 0xa4bede0 </Applications/Xcode.app/Contents/Developer/Platforms/iPhoneSimulator.platform/Developer/SDKs/iPhoneSimulator7.1.sdk/System/Library/AccessibilityBundles/GeoServices.axbundle> (not loaded)
2014-03-29 12:40:29.432 StarterApp[45821:70b] Cannot find executable for CFBundle 0xa4dd490 </Applications/Xcode.app/Contents/Developer/Platforms/iPhoneSimulator.platform/Developer/SDKs/iPhoneSimulator7.1.sdk/System/Library/AccessibilityBundles/CertUIFramework.axbundle> (not loaded)
2014-03-29 12:40:34.133 StarterApp[45821:70b] Multi-tasking -> Device: YES, App: YES
2014-03-29 12:40:34.214 StarterApp[45821:70b] Unlimited access to network resources
2014-03-29 12:40:34.684 StarterApp[45821:70b] [CDVTimer][statusbar] 160.472989ms
2014-03-29 12:40:34.766 StarterApp[45821:70b] [CDVTimer][file] 81.161976ms
2014-03-29 12:40:34.767 StarterApp[45821:70b] [CDVTimer][TotalPluginStartup] 243.604004ms
2014-03-29 12:40:51.273 StarterApp[45821:70b] Resetting plugins due to page load.
2014-03-29 12:40:52.155 StarterApp[45821:70b] Finished load of: file:///Users/Roberto/Library/Application%20Support/iPhone%20Simulator/7.1/Applications/D2BF0CC5-14AD-490B-BCDD-CB644DB5A4E4/StarterApp.app/www/index.html#/tab/station
2014-03-29 12:40:56.679 StarterApp[45821:70b] play
2014-03-29 12:40:56.702 StarterApp[45821:70b] THREAD WARNING: ['Media'] took '22.022949' ms. Plugin should use a background thread.
2014-03-29 12:40:56.704 StarterApp[45821:70b] Will use resource 'http://ia600200.us.archive.org/1/items/testmp3testfile/mpthreetest.mp3' from the Internet.
2014-03-29 12:41:02.177 StarterApp[45821:70b] Playing audio sample 'http://ia600200.us.archive.org/1/items/testmp3testfile/mpthreetest.mp3'
2014-03-29 12:41:02.192 StarterApp[45821:70b] THREAD WARNING: ['Media'] took '5487.731201' ms. Plugin should use a background thread.
2014-03-29 12:41:14.684 StarterApp[45821:70b] Finished playing audio sample 'http://ia600200.us.archive.org/1/items/testmp3testfile/mpthreetest.mp3'
2014-03-29 12:41:14.686 StarterApp[45821:70b] success
2014-03-29 12:41:46.235 StarterApp[45821:70b] play
2014-03-29 12:41:46.235 StarterApp[45821:70b] Will use resource 'http://ia600200.us.archive.org/1/items/testmp3testfile/mpthreetest.mp3' from the Internet.
2014-03-29 12:41:46.369 StarterApp[45821:70b] Playing audio sample 'http://ia600200.us.archive.org/1/items/testmp3testfile/mpthreetest.mp3'
2014-03-29 12:41:46.381 StarterApp[45821:70b] THREAD WARNING: ['Media'] took '145.458008' ms. Plugin should use a background thread.
2014-03-29 12:49:01.440 StarterApp[45821:70b] Finished playing audio sample 'http://ia600200.us.archive.org/1/items/testmp3testfile/mpthreetest.mp3'
2014-03-29 12:49:01.462 StarterApp[45821:70b] success
objc[46913]: Class AXEmojiUtilities is implemented in both /Applications/Xcode.app/Contents/Developer/Platforms/iPhoneSimulator.platform/Developer/SDKs/iPhoneSimulator7.1.sdk/System/Library/PrivateFrameworks/AccessibilityUtilities.framework/AccessibilityUtilities and /Applications/Xcode.app/Contents/Developer/Platforms/iPhoneSimulator.platform/Developer/SDKs/iPhoneSimulator7.1.sdk/usr/lib/libAXSpeechManager.dylib. One of the two will be used. Which one is undefined.
2014-03-29 12:49:40.486 StarterApp[46913:70b] Cannot find executable for CFBundle 0xa580f00 </Applications/Xcode.app/Contents/Developer/Platforms/iPhoneSimulator.platform/Developer/SDKs/iPhoneSimulator7.1.sdk/System/Library/AccessibilityBundles/GeoServices.axbundle> (not loaded)
2014-03-29 12:49:40.526 StarterApp[46913:70b] Cannot find executable for CFBundle 0xa5a4360 </Applications/Xcode.app/Contents/Developer/Platforms/iPhoneSimulator.platform/Developer/SDKs/iPhoneSimulator7.1.sdk/System/Library/AccessibilityBundles/CertUIFramework.axbundle> (not loaded)
2014-03-29 12:49:42.170 StarterApp[46913:70b] Multi-tasking -> Device: YES, App: YES
2014-03-29 12:49:42.524 StarterApp[46913:70b] Unlimited access to network resources
2014-03-29 12:49:43.157 StarterApp[46913:70b] [CDVTimer][statusbar] 154.201984ms
2014-03-29 12:49:43.159 StarterApp[46913:70b] [CDVTimer][file] 1.164019ms
2014-03-29 12:49:43.160 StarterApp[46913:70b] [CDVTimer][TotalPluginStartup] 156.952977ms
2014-03-29 12:49:44.804 StarterApp[46913:70b] Resetting plugins due to page load.
2014-03-29 12:49:47.157 StarterApp[46913:70b] Finished load of: file:///Users/Roberto/Library/Application%20Support/iPhone%20Simulator/7.1/Applications/D2BF0CC5-14AD-490B-BCDD-CB644DB5A4E4/StarterApp.app/www/index.html#/tab/station
objc[47463]: Class AXEmojiUtilities is implemented in both /Applications/Xcode.app/Contents/Developer/Platforms/iPhoneSimulator.platform/Developer/SDKs/iPhoneSimulator7.1.sdk/System/Library/PrivateFrameworks/AccessibilityUtilities.framework/AccessibilityUtilities and /Applications/Xcode.app/Contents/Developer/Platforms/iPhoneSimulator.platform/Developer/SDKs/iPhoneSimulator7.1.sdk/usr/lib/libAXSpeechManager.dylib. One of the two will be used. Which one is undefined.
2014-03-29 12:51:46.309 StarterApp[47463:70b] Cannot find executable for CFBundle 0xa3a9aa0 </Applications/Xcode.app/Contents/Developer/Platforms/iPhoneSimulator.platform/Developer/SDKs/iPhoneSimulator7.1.sdk/System/Library/AccessibilityBundles/GeoServices.axbundle> (not loaded)
2014-03-29 12:51:46.327 StarterApp[47463:70b] Cannot find executable for CFBundle 0xa6868c0 </Applications/Xcode.app/Contents/Developer/Platforms/iPhoneSimulator.platform/Developer/SDKs/iPhoneSimulator7.1.sdk/System/Library/AccessibilityBundles/CertUIFramework.axbundle> (not loaded)
2014-03-29 12:51:46.539 StarterApp[47463:70b] Multi-tasking -> Device: YES, App: YES
2014-03-29 12:51:46.545 StarterApp[47463:70b] Unlimited access to network resources
2014-03-29 12:51:46.661 StarterApp[47463:70b] [CDVTimer][statusbar] 82.886994ms
2014-03-29 12:51:46.663 StarterApp[47463:70b] [CDVTimer][file] 0.828981ms
2014-03-29 12:51:46.663 StarterApp[47463:70b] [CDVTimer][TotalPluginStartup] 85.001945ms
2014-03-29 12:51:47.728 StarterApp[47463:70b] Resetting plugins due to page load.
2014-03-29 12:51:48.418 StarterApp[47463:70b] Finished load of: file:///Users/Roberto/Library/Application%20Support/iPhone%20Simulator/7.1/Applications/D2BF0CC5-14AD-490B-BCDD-CB644DB5A4E4/StarterApp.app/www/index.html#/tab/station
objc[48623]: Class AXEmojiUtilities is implemented in both /Applications/Xcode.app/Contents/Developer/Platforms/iPhoneSimulator.platform/Developer/SDKs/iPhoneSimulator7.1.sdk/System/Library/PrivateFrameworks/AccessibilityUtilities.framework/AccessibilityUtilities and /Applications/Xcode.app/Contents/Developer/Platforms/iPhoneSimulator.platform/Developer/SDKs/iPhoneSimulator7.1.sdk/usr/lib/libAXSpeechManager.dylib. One of the two will be used. Which one is undefined.
2014-03-29 12:57:38.570 StarterApp[48623:70b] Cannot find executable for CFBundle 0xa696f00 </Applications/Xcode.app/Contents/Developer/Platforms/iPhoneSimulator.platform/Developer/SDKs/iPhoneSimulator7.1.sdk/System/Library/AccessibilityBundles/CertUIFramework.axbundle> (not loaded)
2014-03-29 12:57:38.581 StarterApp[48623:70b] Cannot find executable for CFBundle 0xa6ba7a0 </Applications/Xcode.app/Contents/Developer/Platforms/iPhoneSimulator.platform/Developer/SDKs/iPhoneSimulator7.1.sdk/System/Library/AccessibilityBundles/GeoServices.axbundle> (not loaded)
2014-03-29 12:57:38.999 StarterApp[48623:70b] Multi-tasking -> Device: YES, App: YES
2014-03-29 12:57:39.005 StarterApp[48623:70b] Unlimited access to network resources
2014-03-29 12:57:39.125 StarterApp[48623:70b] [CDVTimer][statusbar] 91.170013ms
2014-03-29 12:57:39.127 StarterApp[48623:70b] [CDVTimer][file] 1.119018ms
2014-03-29 12:57:39.128 StarterApp[48623:70b] [CDVTimer][TotalPluginStartup] 93.843043ms
2014-03-29 12:57:40.537 StarterApp[48623:70b] Resetting plugins due to page load.
2014-03-29 12:57:40.907 StarterApp[48623:70b] Finished load of: file:///Users/Roberto/Library/Application%20Support/iPhone%20Simulator/7.1/Applications/D2BF0CC5-14AD-490B-BCDD-CB644DB5A4E4/StarterApp.app/www/index.html#/tab/station
2014-03-29 12:57:59.256 StarterApp[48623:70b] Hola Mundo
2014-03-29 12:57:59.257 StarterApp[48623:70b] Hola Mundo
2014-03-29 12:58:07.478 StarterApp[48623:70b] Will use resource 'http://ia600200.us.archive.org/1/items/testmp3testfile/mpthreetest.mp3' from the Internet.
2014-03-29 12:58:27.473 StarterApp[48623:70b] Playing audio sample 'http://ia600200.us.archive.org/1/items/testmp3testfile/mpthreetest.mp3'
2014-03-29 12:58:27.484 StarterApp[48623:70b] THREAD WARNING: ['Media'] took '20006.167969' ms. Plugin should use a background thread.
2014-03-29 12:58:27.484 StarterApp[48623:3f07] void SendDelegateMessage(NSInvocation *): delegate (webView:decidePolicyForNavigationAction:request:frame:decisionListener:) failed to return after waiting 10 seconds. main run loop mode: kCFRunLoopDefaultMode
2014-03-29 12:58:39.906 StarterApp[48623:70b] Finished playing audio sample 'http://ia600200.us.archive.org/1/items/testmp3testfile/mpthreetest.mp3'
2014-03-29 12:58:39.907 StarterApp[48623:70b] success
2014-03-29 12:58:41.309 StarterApp[48623:70b] Playing audio sample 'http://ia600200.us.archive.org/1/items/testmp3testfile/mpthreetest.mp3'
2014-03-29 12:58:41.322 StarterApp[48623:70b] THREAD WARNING: ['Media'] took '13.368164' ms. Plugin should use a background thread.
2014-03-29 12:58:53.745 StarterApp[48623:70b] Finished playing audio sample 'http://ia600200.us.archive.org/1/items/testmp3testfile/mpthreetest.mp3'
2014-03-29 12:58:53.746 StarterApp[48623:70b] success
2014-03-29 12:58:56.272 StarterApp[48623:70b] Playing audio sample 'http://ia600200.us.archive.org/1/items/testmp3testfile/mpthreetest.mp3'
2014-03-29 12:58:56.287 StarterApp[48623:70b] THREAD WARNING: ['Media'] took '15.041260' ms. Plugin should use a background thread.
2014-03-29 12:59:08.710 StarterApp[48623:70b] Finished playing audio sample 'http://ia600200.us.archive.org/1/items/testmp3testfile/mpthreetest.mp3'
2014-03-29 12:59:08.711 StarterApp[48623:70b] success
objc[49301]: Class AXEmojiUtilities is implemented in both /Applications/Xcode.app/Contents/Developer/Platforms/iPhoneSimulator.platform/Developer/SDKs/iPhoneSimulator7.1.sdk/System/Library/PrivateFrameworks/AccessibilityUtilities.framework/AccessibilityUtilities and /Applications/Xcode.app/Contents/Developer/Platforms/iPhoneSimulator.platform/Developer/SDKs/iPhoneSimulator7.1.sdk/usr/lib/libAXSpeechManager.dylib. One of the two will be used. Which one is undefined.
2014-03-29 13:01:41.627 StarterApp[49301:70b] Cannot find executable for CFBundle 0xa54ef40 </Applications/Xcode.app/Contents/Developer/Platforms/iPhoneSimulator.platform/Developer/SDKs/iPhoneSimulator7.1.sdk/System/Library/AccessibilityBundles/CertUIFramework.axbundle> (not loaded)
2014-03-29 13:01:41.642 StarterApp[49301:70b] Cannot find executable for CFBundle 0xa342e60 </Applications/Xcode.app/Contents/Developer/Platforms/iPhoneSimulator.platform/Developer/SDKs/iPhoneSimulator7.1.sdk/System/Library/AccessibilityBundles/GeoServices.axbundle> (not loaded)
2014-03-29 13:01:41.965 StarterApp[49301:70b] Multi-tasking -> Device: YES, App: YES
2014-03-29 13:01:41.974 StarterApp[49301:70b] Unlimited access to network resources
2014-03-29 13:01:42.150 StarterApp[49301:70b] [CDVTimer][statusbar] 141.318977ms
2014-03-29 13:01:42.152 StarterApp[49301:70b] [CDVTimer][file] 1.102030ms
2014-03-29 13:01:42.153 StarterApp[49301:70b] [CDVTimer][TotalPluginStartup] 143.947005ms
2014-03-29 13:01:43.179 StarterApp[49301:70b] Resetting plugins due to page load.
2014-03-29 13:01:43.826 StarterApp[49301:70b] Finished load of: file:///Users/Roberto/Library/Application%20Support/iPhone%20Simulator/7.1/Applications/D2BF0CC5-14AD-490B-BCDD-CB644DB5A4E4/StarterApp.app/www/index.html#/tab/station
2014-03-29 13:02:07.284 StarterApp[49301:70b] Hola Mundo
2014-03-29 13:02:07.285 StarterApp[49301:70b] Hola Mundo
2014-03-29 13:02:13.732 StarterApp[49301:70b] Will use resource 'http://ia600200.us.archive.org/1/items/testmp3testfile/mpthreetest.mp3' from the Internet.
2014-03-29 13:02:21.836 StarterApp[49301:70b] Playing audio sample 'http://ia600200.us.archive.org/1/items/testmp3testfile/mpthreetest.mp3'
2014-03-29 13:02:21.846 StarterApp[49301:70b] THREAD WARNING: ['Media'] took '8114.268555' ms. Plugin should use a background thread.
2014-03-29 13:02:34.268 StarterApp[49301:70b] Finished playing audio sample 'http://ia600200.us.archive.org/1/items/testmp3testfile/mpthreetest.mp3'
2014-03-29 13:02:34.269 StarterApp[49301:70b] success
2014-03-29 13:02:42.069 StarterApp[49301:70b] Playing audio sample 'http://ia600200.us.archive.org/1/items/testmp3testfile/mpthreetest.mp3'
2014-03-29 13:02:42.082 StarterApp[49301:70b] THREAD WARNING: ['Media'] took '13.000000' ms. Plugin should use a background thread.
2014-03-29 13:02:50.966 StarterApp[49301:70b] Playing audio sample 'http://ia600200.us.archive.org/1/items/testmp3testfile/mpthreetest.mp3'
2014-03-29 13:02:50.987 StarterApp[49301:70b] THREAD WARNING: ['Media'] took '20.597900' ms. Plugin should use a background thread.
2014-03-29 13:03:03.410 StarterApp[49301:70b] Finished playing audio sample 'http://ia600200.us.archive.org/1/items/testmp3testfile/mpthreetest.mp3'
2014-03-29 13:03:03.411 StarterApp[49301:70b] success
2014-03-29 13:04:59.675 StarterApp[49301:9507] 13:04:59.674 WARNING:   235: Default audio device changed. Restart the simulator to have it use the newly-selected device.
2014-03-29 13:04:59.739 StarterApp[49301:9507] 13:04:59.738 WARNING:   235: Default audio device changed. Restart the simulator to have it use the newly-selected device.
2014-03-29 13:05:00.910 StarterApp[49301:471f] 13:05:00.910 WARNING:   235: Default audio device changed. Restart the simulator to have it use the newly-selected device.
2014-03-29 13:27:44.217 StarterApp[49301:ac0f] 13:27:44.217 WARNING:   235: Default audio device changed. Restart the simulator to have it use the newly-selected device.
2014-03-29 13:27:44.242 StarterApp[49301:ac0f] 13:27:44.242 WARNING:   235: Default audio device changed. Restart the simulator to have it use the newly-selected device.
2014-03-29 13:27:44.243 StarterApp[49301:ac0f] 13:27:44.243 WARNING:   235: Default audio device changed. Restart the simulator to have it use the newly-selected device.
objc[51063]: Class AXEmojiUtilities is implemented in both /Applications/Xcode.app/Contents/Developer/Platforms/iPhoneSimulator.platform/Developer/SDKs/iPhoneSimulator7.1.sdk/System/Library/PrivateFrameworks/AccessibilityUtilities.framework/AccessibilityUtilities and /Applications/Xcode.app/Contents/Developer/Platforms/iPhoneSimulator.platform/Developer/SDKs/iPhoneSimulator7.1.sdk/usr/lib/libAXSpeechManager.dylib. One of the two will be used. Which one is undefined.
2014-03-29 13:33:00.585 StarterApp[51063:70b] Cannot find executable for CFBundle 0xa36a8f0 </Applications/Xcode.app/Contents/Developer/Platforms/iPhoneSimulator.platform/Developer/SDKs/iPhoneSimulator7.1.sdk/System/Library/AccessibilityBundles/GeoServices.axbundle> (not loaded)
2014-03-29 13:33:00.668 StarterApp[51063:70b] Cannot find executable for CFBundle 0xa36a630 </Applications/Xcode.app/Contents/Developer/Platforms/iPhoneSimulator.platform/Developer/SDKs/iPhoneSimulator7.1.sdk/System/Library/AccessibilityBundles/CertUIFramework.axbundle> (not loaded)
2014-03-29 13:33:01.211 StarterApp[51063:70b] Multi-tasking -> Device: YES, App: YES
2014-03-29 13:33:01.217 StarterApp[51063:70b] Unlimited access to network resources
2014-03-29 13:33:01.459 StarterApp[51063:70b] [CDVTimer][statusbar] 106.950998ms
2014-03-29 13:33:01.461 StarterApp[51063:70b] [CDVTimer][file] 0.799000ms
2014-03-29 13:33:01.461 StarterApp[51063:70b] [CDVTimer][TotalPluginStartup] 109.261036ms
2014-03-29 13:33:02.739 StarterApp[51063:70b] Resetting plugins due to page load.
2014-03-29 13:33:03.137 StarterApp[51063:70b] Finished load of: file:///Users/Roberto/Library/Application%20Support/iPhone%20Simulator/7.1/Applications/D2BF0CC5-14AD-490B-BCDD-CB644DB5A4E4/StarterApp.app/www/index.html#/tab/station
2014-03-29 13:33:44.043 StarterApp[51063:70b] Hola Mundo
2014-03-29 13:33:44.074 StarterApp[51063:70b] THREAD WARNING: ['Media'] took '30.506836' ms. Plugin should use a background thread.
2014-03-29 13:33:44.075 StarterApp[51063:70b] Hola Mundo
2014-03-29 13:33:44.086 StarterApp[51063:70b] THREAD WARNING: ['Media'] took '10.694092' ms. Plugin should use a background thread.
2014-03-29 13:33:53.114 StarterApp[51063:70b] Will use resource 'http://75.102.43.195/kwmu2' from the Internet.
2014-03-29 13:34:53.267 StarterApp[51063:70b] Unable to download audio from: http://75.102.43.195/kwmu2
2014-03-29 13:34:53.267 StarterApp[51063:70b] Failed to initialize AVAudioPlayer: The request timed out.
2014-03-29 13:34:53.268 StarterApp[51063:70b] THREAD WARNING: ['Media'] took '60154.567871' ms. Plugin should use a background thread.
2014-03-29 13:34:53.269 StarterApp[51063:3f07] void SendDelegateMessage(NSInvocation *): delegate (webView:decidePolicyForNavigationAction:request:frame:decisionListener:) failed to return after waiting 10 seconds. main run loop mode: kCFRunLoopDefaultMode
2014-03-29 13:34:53.269 StarterApp[51063:70b] error
objc[54840]: Class AXEmojiUtilities is implemented in both /Applications/Xcode.app/Contents/Developer/Platforms/iPhoneSimulator.platform/Developer/SDKs/iPhoneSimulator7.1.sdk/System/Library/PrivateFrameworks/AccessibilityUtilities.framework/AccessibilityUtilities and /Applications/Xcode.app/Contents/Developer/Platforms/iPhoneSimulator.platform/Developer/SDKs/iPhoneSimulator7.1.sdk/usr/lib/libAXSpeechManager.dylib. One of the two will be used. Which one is undefined.
2014-03-29 14:39:48.352 StarterApp[54840:70b] Cannot find executable for CFBundle 0xa39b1a0 </Applications/Xcode.app/Contents/Developer/Platforms/iPhoneSimulator.platform/Developer/SDKs/iPhoneSimulator7.1.sdk/System/Library/AccessibilityBundles/CertUIFramework.axbundle> (not loaded)
2014-03-29 14:39:48.695 StarterApp[54840:70b] Cannot find executable for CFBundle 0xa3b79b0 </Applications/Xcode.app/Contents/Developer/Platforms/iPhoneSimulator.platform/Developer/SDKs/iPhoneSimulator7.1.sdk/System/Library/AccessibilityBundles/GeoServices.axbundle> (not loaded)
2014-03-29 14:39:49.684 StarterApp[54840:70b] Multi-tasking -> Device: YES, App: YES
2014-03-29 14:39:49.847 StarterApp[54840:70b] Unlimited access to network resources
2014-03-29 14:39:50.437 StarterApp[54840:70b] [CDVTimer][statusbar] 205.646992ms
2014-03-29 14:39:50.441 StarterApp[54840:70b] [CDVTimer][file] 3.215015ms
2014-03-29 14:39:50.442 StarterApp[54840:70b] [CDVTimer][TotalPluginStartup] 209.918022ms
2014-03-29 14:39:54.114 StarterApp[54840:70b] Resetting plugins due to page load.
2014-03-29 14:39:55.261 StarterApp[54840:70b] Finished load of: file:///Users/Roberto/Library/Application%20Support/iPhone%20Simulator/7.1/Applications/D2BF0CC5-14AD-490B-BCDD-CB644DB5A4E4/StarterApp.app/www/index.html#/tab/station
2014-03-29 14:40:13.748 StarterApp[54840:70b] Hola Mundo
2014-03-29 14:40:13.792 StarterApp[54840:70b] THREAD WARNING: ['Media'] took '43.483154' ms. Plugin should use a background thread.
2014-03-29 14:40:13.793 StarterApp[54840:70b] Hola Mundo
2014-03-29 14:40:13.868 StarterApp[54840:70b] THREAD WARNING: ['Media'] took '74.398926' ms. Plugin should use a background thread.
2014-03-29 14:40:17.426 StarterApp[54840:70b] Will use resource 'http://75.102.43.195/kwmu2' from the Internet.
